<?xml version="1.0" encoding="UTF-8"?>
<testng-results ignored="0" total="2" passed="2" failed="0" skipped="0">
  <reporter-output>
  </reporter-output>
  <suite started-at="2024-02-05T20:29:50 IST" name="Default suite" finished-at="2024-02-05T20:29:55 IST" duration-ms="4621">
    <groups>
      <group name="cucumber">
        <method signature="AbstractTestNGCucumberTests.runScenario(io.cucumber.testng.PickleWrapper,io.cucumber.testng.FeatureWrapper)[pri:0, instance:apprunnner.ProductRunner@18df8434]" name="runScenario" class="io.cucumber.testng.AbstractTestNGCucumberTests"/>
      </group> <!-- cucumber -->
    </groups>
    <test started-at="2024-02-05T20:29:50 IST" name="Default test" finished-at="2024-02-05T20:29:55 IST" duration-ms="4621">
      <class name="apprunnner.ProductRunner">
        <test-method is-config="true" signature="setUpClass(org.testng.ITestContext)[pri:0, instance:apprunnner.ProductRunner@18df8434]" started-at="2024-02-05T20:29:51 IST" name="setUpClass" finished-at="2024-02-05T20:29:52 IST" duration-ms="1445" status="PASS">
          <params>
            <param index="0">
              <value>
                <![CDATA[org.testng.TestRunner@1c504e66]]>
              </value>
            </param>
          </params>
          <reporter-output>
          </reporter-output>
        </test-method> <!-- setUpClass -->
        <test-method signature="runScenario(io.cucumber.testng.PickleWrapper,io.cucumber.testng.FeatureWrapper)[pri:0, instance:apprunnner.ProductRunner@18df8434]" started-at="2024-02-05T20:29:52 IST" name="runScenario" description="Runs Cucumber Scenarios" data-provider="scenarios" finished-at="2024-02-05T20:29:53 IST" duration-ms="511" status="PASS">
          <params>
            <param index="0">
              <value>
                <![CDATA["Order confirmation validation"]]>
              </value>
            </param>
            <param index="1">
              <value>
                <![CDATA["Place order functionality"]]>
              </value>
            </param>
          </params>
          <reporter-output>
          </reporter-output>
        </test-method> <!-- runScenario -->
        <test-method signature="runScenario(io.cucumber.testng.PickleWrapper,io.cucumber.testng.FeatureWrapper)[pri:0, instance:apprunnner.ProductRunner@18df8434]" started-at="2024-02-05T20:29:53 IST" name="runScenario" description="Runs Cucumber Scenarios" data-provider="scenarios" finished-at="2024-02-05T20:29:53 IST" duration-ms="101" status="PASS">
          <params>
            <param index="0">
              <value>
                <![CDATA["Track status validation"]]>
              </value>
            </param>
            <param index="1">
              <value>
                <![CDATA["Place order functionality"]]>
              </value>
            </param>
          </params>
          <reporter-output>
          </reporter-output>
        </test-method> <!-- runScenario -->
        <test-method is-config="true" signature="tearDownClass()[pri:0, instance:apprunnner.ProductRunner@18df8434]" started-at="2024-02-05T20:29:53 IST" name="tearDownClass" finished-at="2024-02-05T20:29:55 IST" duration-ms="2358" status="PASS">
          <reporter-output>
          </reporter-output>
        </test-method> <!-- tearDownClass -->
      </class> <!-- apprunnner.ProductRunner -->
    </test> <!-- Default test -->
  </suite> <!-- Default suite -->
</testng-results>
